<?xml version="1.0" encoding="UTF-8"?>
<testng-results ignored="0" total="1" passed="1" failed="0" skipped="0">
  <reporter-output>
  </reporter-output>
  <suite started-at="2023-04-08T15:50:52 IST" name="Default suite" finished-at="2023-04-08T15:50:59 IST" duration-ms="6843">
    <groups>
    </groups>
    <test started-at="2023-04-08T15:50:52 IST" name="Default test" finished-at="2023-04-08T15:50:59 IST" duration-ms="6843">
      <class name="com.bursys.org.tests.TestScenario_1">
        <test-method is-config="true" signature="launchApplication()[pri:0, instance:com.bursys.org.tests.TestScenario_1@d5b810e]" started-at="2023-04-08T15:50:52 IST" name="launchApplication" finished-at="2023-04-08T15:50:58 IST" duration-ms="6301" status="PASS">
          <reporter-output>
          </reporter-output>
        </test-method> <!-- launchApplication -->
        <test-method signature="login()[pri:0, instance:com.bursys.org.tests.TestScenario_1@d5b810e]" started-at="2023-04-08T15:50:58 IST" name="login" finished-at="2023-04-08T15:50:58 IST" duration-ms="250" status="PASS">
          <reporter-output>
          </reporter-output>
        </test-method> <!-- login -->
        <test-method is-config="true" signature="tearDown()[pri:0, instance:com.bursys.org.tests.TestScenario_1@d5b810e]" started-at="2023-04-08T15:50:58 IST" name="tearDown" finished-at="2023-04-08T15:50:59 IST" duration-ms="223" status="PASS">
          <reporter-output>
          </reporter-output>
        </test-method> <!-- tearDown -->
      </class> <!-- com.bursys.org.tests.TestScenario_1 -->
    </test> <!-- Default test -->
  </suite> <!-- Default suite -->
</testng-results>
